Command line invocation:
    /Applications/Xcode.app/Contents/Developer/usr/bin/xcodebuild -project ios_app.xcodeproj -scheme ios_app -destination "platform=iOS Simulator,name=iPhone 17 Pro" clean build

CreateBuildRequest

SendProjectDescription

CreateBuildOperation

** CLEAN SUCCEEDED **

ComputePackagePrebuildTargetDependencyGraph

Prepare packages

CreateBuildRequest

SendProjectDescription

CreateBuildOperation

ComputeTargetDependencyGraph
note: Building targets in dependency order
note: Target dependency graph (1 target)
    Target 'ios_app' in project 'ios_app' (no dependencies)

GatherProvisioningInputs

CreateBuildDescription

ExecuteExternalTool /Applications/Xcode.app/Contents/Developer/Toolchains/XcodeDefault.xctoolchain/usr/bin/clang -v -E -dM -isysroot /Applications/Xcode.app/Contents/Developer/Platforms/iPhoneSimulator.platform/Developer/SDKs/iPhoneSimulator26.2.sdk -x c -c /dev/null

ExecuteExternalTool /Applications/Xcode.app/Contents/Developer/usr/bin/actool --print-asset-tag-combinations --output-format xml1 /Users/i074917/Documents/destiny_ai_astrology/ios_app/ios_app/Assets.xcassets

ExecuteExternalTool /Applications/Xcode.app/Contents/Developer/usr/bin/actool --version --output-format xml1

ExecuteExternalTool /Applications/Xcode.app/Contents/Developer/Toolchains/XcodeDefault.xctoolchain/usr/bin/swiftc --version

ExecuteExternalTool /Applications/Xcode.app/Contents/Developer/Toolchains/XcodeDefault.xctoolchain/usr/bin/ld -version_details

Build description signature: 7dcdd33ebd5419ff2551e84817bcbf29
Build description path: /Users/i074917/Library/Developer/Xcode/DerivedData/ios_app-eblrdridxrnuqgbigorjjuuiasez/Build/Intermediates.noindex/XCBuildData/7dcdd33ebd5419ff2551e84817bcbf29.xcbuilddata
ClangStatCache /Applications/Xcode.app/Contents/Developer/Toolchains/XcodeDefault.xctoolchain/usr/bin/clang-stat-cache /Applications/Xcode.app/Contents/Developer/Platforms/iPhoneSimulator.platform/Developer/SDKs/iPhoneSimulator26.2.sdk /Users/i074917/Library/Developer/Xcode/DerivedData/SDKStatCaches.noindex/iphonesimulator26.2-23C53-7d00a8b37fbd7999ea79df8ebc024bf0.sdkstatcache
    cd /Users/i074917/Documents/destiny_ai_astrology/ios_app/ios_app.xcodeproj
    /Applications/Xcode.app/Contents/Developer/Toolchains/XcodeDefault.xctoolchain/usr/bin/clang-stat-cache /Applications/Xcode.app/Contents/Developer/Platforms/iPhoneSimulator.platform/Developer/SDKs/iPhoneSimulator26.2.sdk -o /Users/i074917/Library/Developer/Xcode/DerivedData/SDKStatCaches.noindex/iphonesimulator26.2-23C53-7d00a8b37fbd7999ea79df8ebc024bf0.sdkstatcache

CreateBuildDirectory /Users/i074917/Library/Developer/Xcode/DerivedData/ios_app-eblrdridxrnuqgbigorjjuuiasez/Build/Products
    cd /Users/i074917/Documents/destiny_ai_astrology/ios_app/ios_app.xcodeproj
    builtin-create-build-directory /Users/i074917/Library/Developer/Xcode/DerivedData/ios_app-eblrdridxrnuqgbigorjjuuiasez/Build/Products

CreateBuildDirectory /Users/i074917/Library/Developer/Xcode/DerivedData/ios_app-eblrdridxrnuqgbigorjjuuiasez/Build/Intermediates.noindex
    cd /Users/i074917/Documents/destiny_ai_astrology/ios_app/ios_app.xcodeproj
    builtin-create-build-directory /Users/i074917/Library/Developer/Xcode/DerivedData/ios_app-eblrdridxrnuqgbigorjjuuiasez/Build/Intermediates.noindex

CreateBuildDirectory /Users/i074917/Library/Developer/Xcode/DerivedData/ios_app-eblrdridxrnuqgbigorjjuuiasez/Build/Intermediates.noindex/ExplicitPrecompiledModules
    cd /Users/i074917/Documents/destiny_ai_astrology/ios_app/ios_app.xcodeproj
    builtin-create-build-directory /Users/i074917/Library/Developer/Xcode/DerivedData/ios_app-eblrdridxrnuqgbigorjjuuiasez/Build/Intermediates.noindex/ExplicitPrecompiledModules

CreateBuildDirectory /Users/i074917/Library/Developer/Xcode/DerivedData/ios_app-eblrdridxrnuqgbigorjjuuiasez/Build/Intermediates.noindex/SwiftExplicitPrecompiledModules
    cd /Users/i074917/Documents/destiny_ai_astrology/ios_app/ios_app.xcodeproj
    builtin-create-build-directory /Users/i074917/Library/Developer/Xcode/DerivedData/ios_app-eblrdridxrnuqgbigorjjuuiasez/Build/Intermediates.noindex/SwiftExplicitPrecompiledModules

CreateBuildDirectory /Users/i074917/Library/Developer/Xcode/DerivedData/ios_app-eblrdridxrnuqgbigorjjuuiasez/Build/Products/Debug-iphonesimulator
    cd /Users/i074917/Documents/destiny_ai_astrology/ios_app/ios_app.xcodeproj
    builtin-create-build-directory /Users/i074917/Library/Developer/Xcode/DerivedData/ios_app-eblrdridxrnuqgbigorjjuuiasez/Build/Products/Debug-iphonesimulator

CreateBuildDirectory /Users/i074917/Library/Developer/Xcode/DerivedData/ios_app-eblrdridxrnuqgbigorjjuuiasez/Build/Intermediates.noindex/EagerLinkingTBDs/Debug-iphonesimulator
    cd /Users/i074917/Documents/destiny_ai_astrology/ios_app/ios_app.xcodeproj
    builtin-create-build-directory /Users/i074917/Library/Developer/Xcode/DerivedData/ios_app-eblrdridxrnuqgbigorjjuuiasez/Build/Intermediates.noindex/EagerLinkingTBDs/Debug-iphonesimulator

WriteAuxiliaryFile /Users/i074917/Library/Developer/Xcode/DerivedData/ios_app-eblrdridxrnuqgbigorjjuuiasez/Build/Intermediates.noindex/ios_app.build/Debug-iphonesimulator/ios_app-30ccdd5bd347f7b09fb8533d67df7600-VFS-iphonesimulator/all-product-headers.yaml
    cd /Users/i074917/Documents/destiny_ai_astrology/ios_app/ios_app.xcodeproj
    write-file /Users/i074917/Library/Developer/Xcode/DerivedData/ios_app-eblrdridxrnuqgbigorjjuuiasez/Build/Intermediates.noindex/ios_app.build/Debug-iphonesimulator/ios_app-30ccdd5bd347f7b09fb8533d67df7600-VFS-iphonesimulator/all-product-headers.yaml

WriteAuxiliaryFile /Users/i074917/Library/Developer/Xcode/DerivedData/ios_app-eblrdridxrnuqgbigorjjuuiasez/Build/Intermediates.noindex/ios_app.build/Debug-iphonesimulator/ios_app.build/ios_app.hmap (in target 'ios_app' from project 'ios_app')
    cd /Users/i074917/Documents/destiny_ai_astrology/ios_app
    write-file /Users/i074917/Library/Developer/Xcode/DerivedData/ios_app-eblrdridxrnuqgbigorjjuuiasez/Build/Intermediates.noindex/ios_app.build/Debug-iphonesimulator/ios_app.build/ios_app.hmap

WriteAuxiliaryFile /Users/i074917/Library/Developer/Xcode/DerivedData/ios_app-eblrdridxrnuqgbigorjjuuiasez/Build/Intermediates.noindex/ios_app.build/Debug-iphonesimulator/ios_app.build/ios_app.DependencyStaticMetadataFileList (in target 'ios_app' from project 'ios_app')
    cd /Users/i074917/Documents/destiny_ai_astrology/ios_app
    write-file /Users/i074917/Library/Developer/Xcode/DerivedData/ios_app-eblrdridxrnuqgbigorjjuuiasez/Build/Intermediates.noindex/ios_app.build/Debug-iphonesimulator/ios_app.build/ios_app.DependencyStaticMetadataFileList

WriteAuxiliaryFile /Users/i074917/Library/Developer/Xcode/DerivedData/ios_app-eblrdridxrnuqgbigorjjuuiasez/Build/Intermediates.noindex/ios_app.build/Debug-iphonesimulator/ios_app.build/ios_app-own-target-headers.hmap (in target 'ios_app' from project 'ios_app')
    cd /Users/i074917/Documents/destiny_ai_astrology/ios_app
    write-file /Users/i074917/Library/Developer/Xcode/DerivedData/ios_app-eblrdridxrnuqgbigorjjuuiasez/Build/Intermediates.noindex/ios_app.build/Debug-iphonesimulator/ios_app.build/ios_app-own-target-headers.hmap

WriteAuxiliaryFile /Users/i074917/Library/Developer/Xcode/DerivedData/ios_app-eblrdridxrnuqgbigorjjuuiasez/Build/Intermediates.noindex/ios_app.build/Debug-iphonesimulator/ios_app.build/ios_app-generated-files.hmap (in target 'ios_app' from project 'ios_app')
    cd /Users/i074917/Documents/destiny_ai_astrology/ios_app
    write-file /Users/i074917/Library/Developer/Xcode/DerivedData/ios_app-eblrdridxrnuqgbigorjjuuiasez/Build/Intermediates.noindex/ios_app.build/Debug-iphonesimulator/ios_app.build/ios_app-generated-files.hmap

WriteAuxiliaryFile /Users/i074917/Library/Developer/Xcode/DerivedData/ios_app-eblrdridxrnuqgbigorjjuuiasez/Build/Intermediates.noindex/ios_app.build/Debug-iphonesimulator/ios_app.build/ios_app-project-headers.hmap (in target 'ios_app' from project 'ios_app')
    cd /Users/i074917/Documents/destiny_ai_astrology/ios_app
    write-file /Users/i074917/Library/Developer/Xcode/DerivedData/ios_app-eblrdridxrnuqgbigorjjuuiasez/Build/Intermediates.noindex/ios_app.build/Debug-iphonesimulator/ios_app.build/ios_app-project-headers.hmap

WriteAuxiliaryFile /Users/i074917/Library/Developer/Xcode/DerivedData/ios_app-eblrdridxrnuqgbigorjjuuiasez/Build/Intermediates.noindex/ios_app.build/Debug-iphonesimulator/ios_app.build/ios_app.DependencyMetadataFileList (in target 'ios_app' from project 'ios_app')
    cd /Users/i074917/Documents/destiny_ai_astrology/ios_app
    write-file /Users/i074917/Library/Developer/Xcode/DerivedData/ios_app-eblrdridxrnuqgbigorjjuuiasez/Build/Intermediates.noindex/ios_app.build/Debug-iphonesimulator/ios_app.build/ios_app.DependencyMetadataFileList

WriteAuxiliaryFile /Users/i074917/Library/Developer/Xcode/DerivedData/ios_app-eblrdridxrnuqgbigorjjuuiasez/Build/Intermediates.noindex/ios_app.build/Debug-iphonesimulator/ios_app.build/ios_app-all-non-framework-target-headers.hmap (in target 'ios_app' from project 'ios_app')
    cd /Users/i074917/Documents/destiny_ai_astrology/ios_app
    write-file /Users/i074917/Library/Developer/Xcode/DerivedData/ios_app-eblrdridxrnuqgbigorjjuuiasez/Build/Intermediates.noindex/ios_app.build/Debug-iphonesimulator/ios_app.build/ios_app-all-non-framework-target-headers.hmap

WriteAuxiliaryFile /Users/i074917/Library/Developer/Xcode/DerivedData/ios_app-eblrdridxrnuqgbigorjjuuiasez/Build/Intermediates.noindex/ios_app.build/Debug-iphonesimulator/ios_app.build/ios_app-all-target-headers.hmap (in target 'ios_app' from project 'ios_app')
    cd /Users/i074917/Documents/destiny_ai_astrology/ios_app
    write-file /Users/i074917/Library/Developer/Xcode/DerivedData/ios_app-eblrdridxrnuqgbigorjjuuiasez/Build/Intermediates.noindex/ios_app.build/Debug-iphonesimulator/ios_app.build/ios_app-all-target-headers.hmap

WriteAuxiliaryFile /Users/i074917/Library/Developer/Xcode/DerivedData/ios_app-eblrdridxrnuqgbigorjjuuiasez/Build/Intermediates.noindex/ios_app.build/Debug-iphonesimulator/ios_app.build/ios_app-DebugDylibPath-normal-arm64.txt (in target 'ios_app' from project 'ios_app')
    cd /Users/i074917/Documents/destiny_ai_astrology/ios_app
    write-file /Users/i074917/Library/Developer/Xcode/DerivedData/ios_app-eblrdridxrnuqgbigorjjuuiasez/Build/Intermediates.noindex/ios_app.build/Debug-iphonesimulator/ios_app.build/ios_app-DebugDylibPath-normal-arm64.txt

WriteAuxiliaryFile /Users/i074917/Library/Developer/Xcode/DerivedData/ios_app-eblrdridxrnuqgbigorjjuuiasez/Build/Intermediates.noindex/ios_app.build/Debug-iphonesimulator/ios_app.build/ios_app-DebugDylibInstallName-normal-arm64.txt (in target 'ios_app' from project 'ios_app')
    cd /Users/i074917/Documents/destiny_ai_astrology/ios_app
    write-file /Users/i074917/Library/Developer/Xcode/DerivedData/ios_app-eblrdridxrnuqgbigorjjuuiasez/Build/Intermediates.noindex/ios_app.build/Debug-iphonesimulator/ios_app.build/ios_app-DebugDylibInstallName-normal-arm64.txt

WriteAuxiliaryFile /Users/i074917/Library/Developer/Xcode/DerivedData/ios_app-eblrdridxrnuqgbigorjjuuiasez/Build/Intermediates.noindex/ios_app.build/Debug-iphonesimulator/ios_app.build/Objects-normal/arm64/ios_app.SwiftFileList (in target 'ios_app' from project 'ios_app')
    cd /Users/i074917/Documents/destiny_ai_astrology/ios_app
    write-file /Users/i074917/Library/Developer/Xcode/DerivedData/ios_app-eblrdridxrnuqgbigorjjuuiasez/Build/Intermediates.noindex/ios_app.build/Debug-iphonesimulator/ios_app.build/Objects-normal/arm64/ios_app.SwiftFileList

WriteAuxiliaryFile /Users/i074917/Library/Developer/Xcode/DerivedData/ios_app-eblrdridxrnuqgbigorjjuuiasez/Build/Intermediates.noindex/ios_app.build/Debug-iphonesimulator/ios_app.build/Objects-normal/arm64/ios_app_const_extract_protocols.json (in target 'ios_app' from project 'ios_app')
    cd /Users/i074917/Documents/destiny_ai_astrology/ios_app
    write-file /Users/i074917/Library/Developer/Xcode/DerivedData/ios_app-eblrdridxrnuqgbigorjjuuiasez/Build/Intermediates.noindex/ios_app.build/Debug-iphonesimulator/ios_app.build/Objects-normal/arm64/ios_app_const_extract_protocols.json

WriteAuxiliaryFile /Users/i074917/Library/Developer/Xcode/DerivedData/ios_app-eblrdridxrnuqgbigorjjuuiasez/Build/Intermediates.noindex/ios_app.build/Debug-iphonesimulator/ios_app.build/Objects-normal/arm64/ios_app.SwiftConstValuesFileList (in target 'ios_app' from project 'ios_app')
    cd /Users/i074917/Documents/destiny_ai_astrology/ios_app
    write-file /Users/i074917/Library/Developer/Xcode/DerivedData/ios_app-eblrdridxrnuqgbigorjjuuiasez/Build/Intermediates.noindex/ios_app.build/Debug-iphonesimulator/ios_app.build/Objects-normal/arm64/ios_app.SwiftConstValuesFileList

WriteAuxiliaryFile /Users/i074917/Library/Developer/Xcode/DerivedData/ios_app-eblrdridxrnuqgbigorjjuuiasez/Build/Intermediates.noindex/ios_app.build/Debug-iphonesimulator/ios_app.build/Objects-normal/arm64/ios_app.LinkFileList (in target 'ios_app' from project 'ios_app')
    cd /Users/i074917/Documents/destiny_ai_astrology/ios_app
    write-file /Users/i074917/Library/Developer/Xcode/DerivedData/ios_app-eblrdridxrnuqgbigorjjuuiasez/Build/Intermediates.noindex/ios_app.build/Debug-iphonesimulator/ios_app.build/Objects-normal/arm64/ios_app.LinkFileList

WriteAuxiliaryFile /Users/i074917/Library/Developer/Xcode/DerivedData/ios_app-eblrdridxrnuqgbigorjjuuiasez/Build/Intermediates.noindex/ios_app.build/Debug-iphonesimulator/ios_app.build/Objects-normal/arm64/ios_app-OutputFileMap.json (in target 'ios_app' from project 'ios_app')
    cd /Users/i074917/Documents/destiny_ai_astrology/ios_app
    write-file /Users/i074917/Library/Developer/Xcode/DerivedData/ios_app-eblrdridxrnuqgbigorjjuuiasez/Build/Intermediates.noindex/ios_app.build/Debug-iphonesimulator/ios_app.build/Objects-normal/arm64/ios_app-OutputFileMap.json

MkDir /Users/i074917/Library/Developer/Xcode/DerivedData/ios_app-eblrdridxrnuqgbigorjjuuiasez/Build/Products/Debug-iphonesimulator/ios_app.app (in target 'ios_app' from project 'ios_app')
    cd /Users/i074917/Documents/destiny_ai_astrology/ios_app
    /bin/mkdir -p /Users/i074917/Library/Developer/Xcode/DerivedData/ios_app-eblrdridxrnuqgbigorjjuuiasez/Build/Products/Debug-iphonesimulator/ios_app.app

WriteAuxiliaryFile /Users/i074917/Library/Developer/Xcode/DerivedData/ios_app-eblrdridxrnuqgbigorjjuuiasez/Build/Intermediates.noindex/ios_app.build/Debug-iphonesimulator/ios_app.build/DerivedSources/Entitlements-Simulated.plist (in target 'ios_app' from project 'ios_app')
    cd /Users/i074917/Documents/destiny_ai_astrology/ios_app
    write-file /Users/i074917/Library/Developer/Xcode/DerivedData/ios_app-eblrdridxrnuqgbigorjjuuiasez/Build/Intermediates.noindex/ios_app.build/Debug-iphonesimulator/ios_app.build/DerivedSources/Entitlements-Simulated.plist

ProcessProductPackaging /Users/i074917/Documents/destiny_ai_astrology/ios_app/ios_app/ios_app.entitlements /Users/i074917/Library/Developer/Xcode/DerivedData/ios_app-eblrdridxrnuqgbigorjjuuiasez/Build/Intermediates.noindex/ios_app.build/Debug-iphonesimulator/ios_app.build/ios_app.app.xcent (in target 'ios_app' from project 'ios_app')
    cd /Users/i074917/Documents/destiny_ai_astrology/ios_app
    
    Entitlements:
    
    {
}
    
    builtin-productPackagingUtility /Users/i074917/Documents/destiny_ai_astrology/ios_app/ios_app/ios_app.entitlements -entitlements -format xml -o /Users/i074917/Library/Developer/Xcode/DerivedData/ios_app-eblrdridxrnuqgbigorjjuuiasez/Build/Intermediates.noindex/ios_app.build/Debug-iphonesimulator/ios_app.build/ios_app.app.xcent

ProcessProductPackaging /Users/i074917/Documents/destiny_ai_astrology/ios_app/ios_app/ios_app.entitlements /Users/i074917/Library/Developer/Xcode/DerivedData/ios_app-eblrdridxrnuqgbigorjjuuiasez/Build/Intermediates.noindex/ios_app.build/Debug-iphonesimulator/ios_app.build/ios_app.app-Simulated.xcent (in target 'ios_app' from project 'ios_app')
    cd /Users/i074917/Documents/destiny_ai_astrology/ios_app
    
    Entitlements:
    
    {
    "application-identifier" = "GTP5DH5548.com.destinyai.astrology";
    "aps-environment" = development;
    "com.apple.developer.applesignin" =     (
        Default
    );
    "com.apple.developer.aps-environment" = development;
    "com.apple.developer.icloud-container-identifiers" =     (
    );
    "com.apple.developer.icloud-services" =     (
        CloudKit
    );
}
    
    builtin-productPackagingUtility /Users/i074917/Documents/destiny_ai_astrology/ios_app/ios_app/ios_app.entitlements -entitlements -format xml -o /Users/i074917/Library/Developer/Xcode/DerivedData/ios_app-eblrdridxrnuqgbigorjjuuiasez/Build/Intermediates.noindex/ios_app.build/Debug-iphonesimulator/ios_app.build/ios_app.app-Simulated.xcent

ProcessProductPackagingDER /Users/i074917/Library/Developer/Xcode/DerivedData/ios_app-eblrdridxrnuqgbigorjjuuiasez/Build/Intermediates.noindex/ios_app.build/Debug-iphonesimulator/ios_app.build/ios_app.app.xcent /Users/i074917/Library/Developer/Xcode/DerivedData/ios_app-eblrdridxrnuqgbigorjjuuiasez/Build/Intermediates.noindex/ios_app.build/Debug-iphonesimulator/ios_app.build/ios_app.app.xcent.der (in target 'ios_app' from project 'ios_app')
    cd /Users/i074917/Documents/destiny_ai_astrology/ios_app
    /usr/bin/derq query -f xml -i /Users/i074917/Library/Developer/Xcode/DerivedData/ios_app-eblrdridxrnuqgbigorjjuuiasez/Build/Intermediates.noindex/ios_app.build/Debug-iphonesimulator/ios_app.build/ios_app.app.xcent -o /Users/i074917/Library/Developer/Xcode/DerivedData/ios_app-eblrdridxrnuqgbigorjjuuiasez/Build/Intermediates.noindex/ios_app.build/Debug-iphonesimulator/ios_app.build/ios_app.app.xcent.der --raw

ProcessProductPackagingDER /Users/i074917/Library/Developer/Xcode/DerivedData/ios_app-eblrdridxrnuqgbigorjjuuiasez/Build/Intermediates.noindex/ios_app.build/Debug-iphonesimulator/ios_app.build/ios_app.app-Simulated.xcent /Users/i074917/Library/Developer/Xcode/DerivedData/ios_app-eblrdridxrnuqgbigorjjuuiasez/Build/Intermediates.noindex/ios_app.build/Debug-iphonesimulator/ios_app.build/ios_app.app-Simulated.xcent.der (in target 'ios_app' from project 'ios_app')
    cd /Users/i074917/Documents/destiny_ai_astrology/ios_app
    /usr/bin/derq query -f xml -i /Users/i074917/Library/Developer/Xcode/DerivedData/ios_app-eblrdridxrnuqgbigorjjuuiasez/Build/Intermediates.noindex/ios_app.build/Debug-iphonesimulator/ios_app.build/ios_app.app-Simulated.xcent -o /Users/i074917/Library/Developer/Xcode/DerivedData/ios_app-eblrdridxrnuqgbigorjjuuiasez/Build/Intermediates.noindex/ios_app.build/Debug-iphonesimulator/ios_app.build/ios_app.app-Simulated.xcent.der --raw

Ld /Users/i074917/Library/Developer/Xcode/DerivedData/ios_app-eblrdridxrnuqgbigorjjuuiasez/Build/Products/Debug-iphonesimulator/ios_app.app/__preview.dylib normal (in target 'ios_app' from project 'ios_app')
    cd /Users/i074917/Documents/destiny_ai_astrology/ios_app
    /Applications/Xcode.app/Contents/Developer/Toolchains/XcodeDefault.xctoolchain/usr/bin/clang -Xlinker -reproducible -target arm64-apple-ios17.0-simulator -dynamiclib -isysroot /Applications/Xcode.app/Contents/Developer/Platforms/iPhoneSimulator.platform/Developer/SDKs/iPhoneSimulator26.2.sdk -O0 -L/Users/i074917/Library/Developer/Xcode/DerivedData/ios_app-eblrdridxrnuqgbigorjjuuiasez/Build/Products/Debug-iphonesimulator -F/Users/i074917/Library/Developer/Xcode/DerivedData/ios_app-eblrdridxrnuqgbigorjjuuiasez/Build/Products/Debug-iphonesimulator -install_name @rpath/ios_app.debug.dylib -dead_strip -rdynamic -Xlinker -no_deduplicate -Xlinker -objc_abi_version -Xlinker 2 -Xlinker -debug_variant -Xlinker -dependency_info -Xlinker /Users/i074917/Library/Developer/Xcode/DerivedData/ios_app-eblrdridxrnuqgbigorjjuuiasez/Build/Intermediates.noindex/ios_app.build/Debug-iphonesimulator/ios_app.build/Objects-normal/arm64/ios_app_dependency_info.dat -Xlinker -sectcreate -Xlinker __TEXT -Xlinker __entitlements -Xlinker /Users/i074917/Library/Developer/Xcode/DerivedData/ios_app-eblrdridxrnuqgbigorjjuuiasez/Build/Intermediates.noindex/ios_app.build/Debug-iphonesimulator/ios_app.build/ios_app.app-Simulated.xcent -Xlinker -sectcreate -Xlinker __TEXT -Xlinker __ents_der -Xlinker /Users/i074917/Library/Developer/Xcode/DerivedData/ios_app-eblrdridxrnuqgbigorjjuuiasez/Build/Intermediates.noindex/ios_app.build/Debug-iphonesimulator/ios_app.build/ios_app.app-Simulated.xcent.der -Xlinker -no_adhoc_codesign -o /Users/i074917/Library/Developer/Xcode/DerivedData/ios_app-eblrdridxrnuqgbigorjjuuiasez/Build/Products/Debug-iphonesimulator/ios_app.app/__preview.dylib

GenerateAssetSymbols /Users/i074917/Documents/destiny_ai_astrology/ios_app/ios_app/Assets.xcassets (in target 'ios_app' from project 'ios_app')
    cd /Users/i074917/Documents/destiny_ai_astrology/ios_app
    /Applications/Xcode.app/Contents/Developer/usr/bin/actool /Users/i074917/Documents/destiny_ai_astrology/ios_app/ios_app/Assets.xcassets --compile /Users/i074917/Library/Developer/Xcode/DerivedData/ios_app-eblrdridxrnuqgbigorjjuuiasez/Build/Products/Debug-iphonesimulator/ios_app.app --output-format human-readable-text --notices --warnings --export-dependency-info /Users/i074917/Library/Developer/Xcode/DerivedData/ios_app-eblrdridxrnuqgbigorjjuuiasez/Build/Intermediates.noindex/ios_app.build/Debug-iphonesimulator/ios_app.build/assetcatalog_dependencies --output-partial-info-plist /Users/i074917/Library/Developer/Xcode/DerivedData/ios_app-eblrdridxrnuqgbigorjjuuiasez/Build/Intermediates.noindex/ios_app.build/Debug-iphonesimulator/ios_app.build/assetcatalog_generated_info.plist --app-icon AppIcon --accent-color AccentColor --compress-pngs --enable-on-demand-resources YES --development-region en --target-device iphone --target-device ipad --minimum-deployment-target 17.0 --platform iphonesimulator --bundle-identifier com.destinyai.astrology --generate-swift-asset-symbols /Users/i074917/Library/Developer/Xcode/DerivedData/ios_app-eblrdridxrnuqgbigorjjuuiasez/Build/Intermediates.noindex/ios_app.build/Debug-iphonesimulator/ios_app.build/DerivedSources/GeneratedAssetSymbols.swift --generate-objc-asset-symbols /Users/i074917/Library/Developer/Xcode/DerivedData/ios_app-eblrdridxrnuqgbigorjjuuiasez/Build/Intermediates.noindex/ios_app.build/Debug-iphonesimulator/ios_app.build/DerivedSources/GeneratedAssetSymbols.h --generate-asset-symbol-index /Users/i074917/Library/Developer/Xcode/DerivedData/ios_app-eblrdridxrnuqgbigorjjuuiasez/Build/Intermediates.noindex/ios_app.build/Debug-iphonesimulator/ios_app.build/DerivedSources/GeneratedAssetSymbols-Index.plist
/* com.apple.actool.document.warnings */
/Users/i074917/Documents/destiny_ai_astrology/ios_app/ios_app/Assets.xcassets:./logo.imageset/(null)[2d][chat_gpt_logo.png]: warning: The image set "logo" has an unassigned child.
/Users/i074917/Documents/destiny_ai_astrology/ios_app/ios_app/Assets.xcassets:./logo.imageset/(null)[2d][chat_gpt_logo.png]: warning: The image set "logo" has an unassigned child.
/* com.apple.actool.compilation-results */
/Users/i074917/Library/Developer/Xcode/DerivedData/ios_app-eblrdridxrnuqgbigorjjuuiasez/Build/Intermediates.noindex/ios_app.build/Debug-iphonesimulator/ios_app.build/DerivedSources/GeneratedAssetSymbols-Index.plist
/Users/i074917/Library/Developer/Xcode/DerivedData/ios_app-eblrdridxrnuqgbigorjjuuiasez/Build/Intermediates.noindex/ios_app.build/Debug-iphonesimulator/ios_app.build/DerivedSources/GeneratedAssetSymbols.h
/Users/i074917/Library/Developer/Xcode/DerivedData/ios_app-eblrdridxrnuqgbigorjjuuiasez/Build/Intermediates.noindex/ios_app.build/Debug-iphonesimulator/ios_app.build/DerivedSources/GeneratedAssetSymbols.swift


MkDir /Users/i074917/Library/Developer/Xcode/DerivedData/ios_app-eblrdridxrnuqgbigorjjuuiasez/Build/Intermediates.noindex/ios_app.build/Debug-iphonesimulator/ios_app.build/assetcatalog_output/thinned (in target 'ios_app' from project 'ios_app')
    cd /Users/i074917/Documents/destiny_ai_astrology/ios_app
    /bin/mkdir -p /Users/i074917/Library/Developer/Xcode/DerivedData/ios_app-eblrdridxrnuqgbigorjjuuiasez/Build/Intermediates.noindex/ios_app.build/Debug-iphonesimulator/ios_app.build/assetcatalog_output/thinned

MkDir /Users/i074917/Library/Developer/Xcode/DerivedData/ios_app-eblrdridxrnuqgbigorjjuuiasez/Build/Intermediates.noindex/ios_app.build/Debug-iphonesimulator/ios_app.build/assetcatalog_output/unthinned (in target 'ios_app' from project 'ios_app')
    cd /Users/i074917/Documents/destiny_ai_astrology/ios_app
    /bin/mkdir -p /Users/i074917/Library/Developer/Xcode/DerivedData/ios_app-eblrdridxrnuqgbigorjjuuiasez/Build/Intermediates.noindex/ios_app.build/Debug-iphonesimulator/ios_app.build/assetcatalog_output/unthinned

CopyStringsFile /Users/i074917/Library/Developer/Xcode/DerivedData/ios_app-eblrdridxrnuqgbigorjjuuiasez/Build/Products/Debug-iphonesimulator/ios_app.app/zh-Hans.lproj/Localizable.strings /Users/i074917/Documents/destiny_ai_astrology/ios_app/ios_app/zh-Hans.lproj/Localizable.strings (in target 'ios_app' from project 'ios_app')
    cd /Users/i074917/Documents/destiny_ai_astrology/ios_app
    builtin-copyStrings --validate --outputencoding binary --outfilename Localizable.strings --outdir /Users/i074917/Library/Developer/Xcode/DerivedData/ios_app-eblrdridxrnuqgbigorjjuuiasez/Build/Products/Debug-iphonesimulator/ios_app.app/zh-Hans.lproj -- /Users/i074917/Documents/destiny_ai_astrology/ios_app/ios_app/zh-Hans.lproj/Localizable.strings
/Users/i074917/Documents/destiny_ai_astrology/ios_app/ios_app/zh-Hans.lproj/Localizable.strings:1:1: note: detected encoding of input file as Unicode (UTF-8) (in target 'ios_app' from project 'ios_app')

CopyStringsFile /Users/i074917/Library/Developer/Xcode/DerivedData/ios_app-eblrdridxrnuqgbigorjjuuiasez/Build/Products/Debug-iphonesimulator/ios_app.app/te.lproj/Localizable.strings /Users/i074917/Documents/destiny_ai_astrology/ios_app/ios_app/te.lproj/Localizable.strings (in target 'ios_app' from project 'ios_app')
    cd /Users/i074917/Documents/destiny_ai_astrology/ios_app
    builtin-copyStrings --validate --outputencoding binary --outfilename Localizable.strings --outdir /Users/i074917/Library/Developer/Xcode/DerivedData/ios_app-eblrdridxrnuqgbigorjjuuiasez/Build/Products/Debug-iphonesimulator/ios_app.app/te.lproj -- /Users/i074917/Documents/destiny_ai_astrology/ios_app/ios_app/te.lproj/Localizable.strings
/Users/i074917/Documents/destiny_ai_astrology/ios_app/ios_app/te.lproj/Localizable.strings:1:1: note: detected encoding of input file as Unicode (UTF-8) (in target 'ios_app' from project 'ios_app')

CopyStringsFile /Users/i074917/Library/Developer/Xcode/DerivedData/ios_app-eblrdridxrnuqgbigorjjuuiasez/Build/Products/Debug-iphonesimulator/ios_app.app/ta.lproj/Localizable.strings /Users/i074917/Documents/destiny_ai_astrology/ios_app/ios_app/ta.lproj/Localizable.strings (in target 'ios_app' from project 'ios_app')
    cd /Users/i074917/Documents/destiny_ai_astrology/ios_app
    builtin-copyStrings --validate --outputencoding binary --outfilename Localizable.strings --outdir /Users/i074917/Library/Developer/Xcode/DerivedData/ios_app-eblrdridxrnuqgbigorjjuuiasez/Build/Products/Debug-iphonesimulator/ios_app.app/ta.lproj -- /Users/i074917/Documents/destiny_ai_astrology/ios_app/ios_app/ta.lproj/Localizable.strings
/Users/i074917/Documents/destiny_ai_astrology/ios_app/ios_app/ta.lproj/Localizable.strings:1:1: note: detected encoding of input file as Unicode (UTF-8) (in target 'ios_app' from project 'ios_app')

CopyStringsFile /Users/i074917/Library/Developer/Xcode/DerivedData/ios_app-eblrdridxrnuqgbigorjjuuiasez/Build/Products/Debug-iphonesimulator/ios_app.app/ru.lproj/Localizable.strings /Users/i074917/Documents/destiny_ai_astrology/ios_app/ios_app/ru.lproj/Localizable.strings (in target 'ios_app' from project 'ios_app')
    cd /Users/i074917/Documents/destiny_ai_astrology/ios_app
    builtin-copyStrings --validate --outputencoding binary --outfilename Localizable.strings --outdir /Users/i074917/Library/Developer/Xcode/DerivedData/ios_app-eblrdridxrnuqgbigorjjuuiasez/Build/Products/Debug-iphonesimulator/ios_app.app/ru.lproj -- /Users/i074917/Documents/destiny_ai_astrology/ios_app/ios_app/ru.lproj/Localizable.strings
/Users/i074917/Documents/destiny_ai_astrology/ios_app/ios_app/ru.lproj/Localizable.strings:1:1: note: detected encoding of input file as Unicode (UTF-8) (in target 'ios_app' from project 'ios_app')

CopyStringsFile /Users/i074917/Library/Developer/Xcode/DerivedData/ios_app-eblrdridxrnuqgbigorjjuuiasez/Build/Products/Debug-iphonesimulator/ios_app.app/pt.lproj/Localizable.strings /Users/i074917/Documents/destiny_ai_astrology/ios_app/ios_app/pt.lproj/Localizable.strings (in target 'ios_app' from project 'ios_app')
    cd /Users/i074917/Documents/destiny_ai_astrology/ios_app
    builtin-copyStrings --validate --outputencoding binary --outfilename Localizable.strings --outdir /Users/i074917/Library/Developer/Xcode/DerivedData/ios_app-eblrdridxrnuqgbigorjjuuiasez/Build/Products/Debug-iphonesimulator/ios_app.app/pt.lproj -- /Users/i074917/Documents/destiny_ai_astrology/ios_app/ios_app/pt.lproj/Localizable.strings
/Users/i074917/Documents/destiny_ai_astrology/ios_app/ios_app/pt.lproj/Localizable.strings:1:1: note: detected encoding of input file as Unicode (UTF-8) (in target 'ios_app' from project 'ios_app')

CopyStringsFile /Users/i074917/Library/Developer/Xcode/DerivedData/ios_app-eblrdridxrnuqgbigorjjuuiasez/Build/Products/Debug-iphonesimulator/ios_app.app/ml.lproj/Localizable.strings /Users/i074917/Documents/destiny_ai_astrology/ios_app/ios_app/ml.lproj/Localizable.strings (in target 'ios_app' from project 'ios_app')
    cd /Users/i074917/Documents/destiny_ai_astrology/ios_app
    builtin-copyStrings --validate --outputencoding binary --outfilename Localizable.strings --outdir /Users/i074917/Library/Developer/Xcode/DerivedData/ios_app-eblrdridxrnuqgbigorjjuuiasez/Build/Products/Debug-iphonesimulator/ios_app.app/ml.lproj -- /Users/i074917/Documents/destiny_ai_astrology/ios_app/ios_app/ml.lproj/Localizable.strings
/Users/i074917/Documents/destiny_ai_astrology/ios_app/ios_app/ml.lproj/Localizable.strings:1:1: note: detected encoding of input file as Unicode (UTF-8) (in target 'ios_app' from project 'ios_app')

CopyStringsFile /Users/i074917/Library/Developer/Xcode/DerivedData/ios_app-eblrdridxrnuqgbigorjjuuiasez/Build/Products/Debug-iphonesimulator/ios_app.app/kn.lproj/Localizable.strings /Users/i074917/Documents/destiny_ai_astrology/ios_app/ios_app/kn.lproj/Localizable.strings (in target 'ios_app' from project 'ios_app')
    cd /Users/i074917/Documents/destiny_ai_astrology/ios_app
    builtin-copyStrings --validate --outputencoding binary --outfilename Localizable.strings --outdir /Users/i074917/Library/Developer/Xcode/DerivedData/ios_app-eblrdridxrnuqgbigorjjuuiasez/Build/Products/Debug-iphonesimulator/ios_app.app/kn.lproj -- /Users/i074917/Documents/destiny_ai_astrology/ios_app/ios_app/kn.lproj/Localizable.strings
/Users/i074917/Documents/destiny_ai_astrology/ios_app/ios_app/kn.lproj/Localizable.strings:1:1: note: detected encoding of input file as Unicode (UTF-8) (in target 'ios_app' from project 'ios_app')

CopyStringsFile /Users/i074917/Library/Developer/Xcode/DerivedData/ios_app-eblrdridxrnuqgbigorjjuuiasez/Build/Products/Debug-iphonesimulator/ios_app.app/ja.lproj/Localizable.strings /Users/i074917/Documents/destiny_ai_astrology/ios_app/ios_app/ja.lproj/Localizable.strings (in target 'ios_app' from project 'ios_app')
    cd /Users/i074917/Documents/destiny_ai_astrology/ios_app
    builtin-copyStrings --validate --outputencoding binary --outfilename Localizable.strings --outdir /Users/i074917/Library/Developer/Xcode/DerivedData/ios_app-eblrdridxrnuqgbigorjjuuiasez/Build/Products/Debug-iphonesimulator/ios_app.app/ja.lproj -- /Users/i074917/Documents/destiny_ai_astrology/ios_app/ios_app/ja.lproj/Localizable.strings
/Users/i074917/Documents/destiny_ai_astrology/ios_app/ios_app/ja.lproj/Localizable.strings:1:1: note: detected encoding of input file as Unicode (UTF-8) (in target 'ios_app' from project 'ios_app')

CopyStringsFile /Users/i074917/Library/Developer/Xcode/DerivedData/ios_app-eblrdridxrnuqgbigorjjuuiasez/Build/Products/Debug-iphonesimulator/ios_app.app/hi.lproj/Localizable.strings /Users/i074917/Documents/destiny_ai_astrology/ios_app/ios_app/hi.lproj/Localizable.strings (in target 'ios_app' from project 'ios_app')
    cd /Users/i074917/Documents/destiny_ai_astrology/ios_app
    builtin-copyStrings --validate --outputencoding binary --outfilename Localizable.strings --outdir /Users/i074917/Library/Developer/Xcode/DerivedData/ios_app-eblrdridxrnuqgbigorjjuuiasez/Build/Products/Debug-iphonesimulator/ios_app.app/hi.lproj -- /Users/i074917/Documents/destiny_ai_astrology/ios_app/ios_app/hi.lproj/Localizable.strings
/Users/i074917/Documents/destiny_ai_astrology/ios_app/ios_app/hi.lproj/Localizable.strings:1:1: note: detected encoding of input file as Unicode (UTF-8) (in target 'ios_app' from project 'ios_app')

CopyStringsFile /Users/i074917/Library/Developer/Xcode/DerivedData/ios_app-eblrdridxrnuqgbigorjjuuiasez/Build/Products/Debug-iphonesimulator/ios_app.app/en.lproj/Localizable.strings /Users/i074917/Documents/destiny_ai_astrology/ios_app/ios_app/en.lproj/Localizable.strings (in target 'ios_app' from project 'ios_app')
    cd /Users/i074917/Documents/destiny_ai_astrology/ios_app
    builtin-copyStrings --validate --outputencoding binary --outfilename Localizable.strings --outdir /Users/i074917/Library/Developer/Xcode/DerivedData/ios_app-eblrdridxrnuqgbigorjjuuiasez/Build/Products/Debug-iphonesimulator/ios_app.app/en.lproj -- /Users/i074917/Documents/destiny_ai_astrology/ios_app/ios_app/en.lproj/Localizable.strings
/Users/i074917/Documents/destiny_ai_astrology/ios_app/ios_app/en.lproj/Localizable.strings:1:1: note: detected encoding of input file as Unicode (UTF-8) (in target 'ios_app' from project 'ios_app')

CopyStringsFile /Users/i074917/Library/Developer/Xcode/DerivedData/ios_app-eblrdridxrnuqgbigorjjuuiasez/Build/Products/Debug-iphonesimulator/ios_app.app/fr.lproj/Localizable.strings /Users/i074917/Documents/destiny_ai_astrology/ios_app/ios_app/fr.lproj/Localizable.strings (in target 'ios_app' from project 'ios_app')
    cd /Users/i074917/Documents/destiny_ai_astrology/ios_app
    builtin-copyStrings --validate --outputencoding binary --outfilename Localizable.strings --outdir /Users/i074917/Library/Developer/Xcode/DerivedData/ios_app-eblrdridxrnuqgbigorjjuuiasez/Build/Products/Debug-iphonesimulator/ios_app.app/fr.lproj -- /Users/i074917/Documents/destiny_ai_astrology/ios_app/ios_app/fr.lproj/Localizable.strings
/Users/i074917/Documents/destiny_ai_astrology/ios_app/ios_app/fr.lproj/Localizable.strings:1:1: note: detected encoding of input file as Unicode (UTF-8) (in target 'ios_app' from project 'ios_app')

CopyStringsFile /Users/i074917/Library/Developer/Xcode/DerivedData/ios_app-eblrdridxrnuqgbigorjjuuiasez/Build/Products/Debug-iphonesimulator/ios_app.app/es.lproj/Localizable.strings /Users/i074917/Documents/destiny_ai_astrology/ios_app/ios_app/es.lproj/Localizable.strings (in target 'ios_app' from project 'ios_app')
    cd /Users/i074917/Documents/destiny_ai_astrology/ios_app
    builtin-copyStrings --validate --outputencoding binary --outfilename Localizable.strings --outdir /Users/i074917/Library/Developer/Xcode/DerivedData/ios_app-eblrdridxrnuqgbigorjjuuiasez/Build/Products/Debug-iphonesimulator/ios_app.app/es.lproj -- /Users/i074917/Documents/destiny_ai_astrology/ios_app/ios_app/es.lproj/Localizable.strings
/Users/i074917/Documents/destiny_ai_astrology/ios_app/ios_app/es.lproj/Localizable.strings:1:1: note: detected encoding of input file as Unicode (UTF-8) (in target 'ios_app' from project 'ios_app')

CompileAssetCatalogVariant thinned /Users/i074917/Library/Developer/Xcode/DerivedData/ios_app-eblrdridxrnuqgbigorjjuuiasez/Build/Products/Debug-iphonesimulator/ios_app.app /Users/i074917/Documents/destiny_ai_astrology/ios_app/ios_app/Assets.xcassets (in target 'ios_app' from project 'ios_app')
    cd /Users/i074917/Documents/destiny_ai_astrology/ios_app
    /Applications/Xcode.app/Contents/Developer/usr/bin/actool /Users/i074917/Documents/destiny_ai_astrology/ios_app/ios_app/Assets.xcassets --compile /Users/i074917/Library/Developer/Xcode/DerivedData/ios_app-eblrdridxrnuqgbigorjjuuiasez/Build/Intermediates.noindex/ios_app.build/Debug-iphonesimulator/ios_app.build/assetcatalog_output/thinned --output-format human-readable-text --notices --warnings --export-dependency-info /Users/i074917/Library/Developer/Xcode/DerivedData/ios_app-eblrdridxrnuqgbigorjjuuiasez/Build/Intermediates.noindex/ios_app.build/Debug-iphonesimulator/ios_app.build/assetcatalog_dependencies_thinned --output-partial-info-plist /Users/i074917/Library/Developer/Xcode/DerivedData/ios_app-eblrdridxrnuqgbigorjjuuiasez/Build/Intermediates.noindex/ios_app.build/Debug-iphonesimulator/ios_app.build/assetcatalog_generated_info.plist_thinned --app-icon AppIcon --accent-color AccentColor --compress-pngs --enable-on-demand-resources YES --filter-for-thinning-device-configuration iPhone18,1 --filter-for-device-os-version 26.2 --development-region en --target-device iphone --target-device ipad --minimum-deployment-target 17.0 --platform iphonesimulator
/Users/i074917/Documents/destiny_ai_astrology/ios_app/ios_app/Views/Subscription/SubscriptionView.swift:224:1: error: extraneous '}' at top level
}
^

CopyStringsFile /Users/i074917/Library/Developer/Xcode/DerivedData/ios_app-eblrdridxrnuqgbigorjjuuiasez/Build/Products/Debug-iphonesimulator/ios_app.app/de.lproj/Localizable.strings /Users/i074917/Documents/destiny_ai_astrology/ios_app/ios_app/de.lproj/Localizable.strings (in target 'ios_app' from project 'ios_app')
    cd /Users/i074917/Documents/destiny_ai_astrology/ios_app
    builtin-copyStrings --validate --outputencoding binary --outfilename Localizable.strings --outdir /Users/i074917/Library/Developer/Xcode/DerivedData/ios_app-eblrdridxrnuqgbigorjjuuiasez/Build/Products/Debug-iphonesimulator/ios_app.app/de.lproj -- /Users/i074917/Documents/destiny_ai_astrology/ios_app/ios_app/de.lproj/Localizable.strings
/Users/i074917/Documents/destiny_ai_astrology/ios_app/ios_app/de.lproj/Localizable.strings:1:1: note: detected encoding of input file as Unicode (UTF-8) (in target 'ios_app' from project 'ios_app')

SwiftDriver ios_app normal arm64 com.apple.xcode.tools.swift.compiler (in target 'ios_app' from project 'ios_app')
    cd /Users/i074917/Documents/destiny_ai_astrology/ios_app
    builtin-SwiftDriver -- /Applications/Xcode.app/Contents/Developer/Toolchains/XcodeDefault.xctoolchain/usr/bin/swiftc -module-name ios_app -Onone -enforce-exclusivity\=checked @/Users/i074917/Library/Developer/Xcode/DerivedData/ios_app-eblrdridxrnuqgbigorjjuuiasez/Build/Intermediates.noindex/ios_app.build/Debug-iphonesimulator/ios_app.build/Objects-normal/arm64/ios_app.SwiftFileList -DDEBUG -default-isolation\=MainActor -enable-bare-slash-regex -enable-upcoming-feature DisableOutwardActorInference -enable-upcoming-feature InferSendableFromCaptures -enable-upcoming-feature GlobalActorIsolatedTypesUsability -enable-upcoming-feature MemberImportVisibility -enable-upcoming-feature InferIsolatedConformances -enable-upcoming-feature NonisolatedNonsendingByDefault -enable-experimental-feature DebugDescriptionMacro -sdk /Applications/Xcode.app/Contents/Developer/Platforms/iPhoneSimulator.platform/Developer/SDKs/iPhoneSimulator26.2.sdk -target arm64-apple-ios17.0-simulator -g -module-cache-path /Users/i074917/Library/Developer/Xcode/DerivedData/ModuleCache.noindex -Xfrontend -serialize-debugging-options -profile-coverage-mapping -profile-generate -enable-testing -index-store-path /Users/i074917/Library/Developer/Xcode/DerivedData/ios_app-eblrdridxrnuqgbigorjjuuiasez/Index.noindex/DataStore -Xcc -D_LIBCPP_HARDENING_MODE\=_LIBCPP_HARDENING_MODE_DEBUG -swift-version 5 -I /Users/i074917/Library/Developer/Xcode/DerivedData/ios_app-eblrdridxrnuqgbigorjjuuiasez/Build/Products/Debug-iphonesimulator -F /Users/i074917/Library/Developer/Xcode/DerivedData/ios_app-eblrdridxrnuqgbigorjjuuiasez/Build/Products/Debug-iphonesimulator -emit-localized-strings -emit-localized-strings-path /Users/i074917/Library/Developer/Xcode/DerivedData/ios_app-eblrdridxrnuqgbigorjjuuiasez/Build/Intermediates.noindex/ios_app.build/Debug-iphonesimulator/ios_app.build/Objects-normal/arm64 -c -j10 -enable-batch-mode -incremental -Xcc -ivfsstatcache -Xcc /Users/i074917/Library/Developer/Xcode/DerivedData/SDKStatCaches.noindex/iphonesimulator26.2-23C53-7d00a8b37fbd7999ea79df8ebc024bf0.sdkstatcache -output-file-map /Users/i074917/Library/Developer/Xcode/DerivedData/ios_app-eblrdridxrnuqgbigorjjuuiasez/Build/Intermediates.noindex/ios_app.build/Debug-iphonesimulator/ios_app.build/Objects-normal/arm64/ios_app-OutputFileMap.json -use-frontend-parseable-output -save-temps -no-color-diagnostics -explicit-module-build -module-cache-path /Users/i074917/Library/Developer/Xcode/DerivedData/ios_app-eblrdridxrnuqgbigorjjuuiasez/Build/Intermediates.noindex/SwiftExplicitPrecompiledModules -clang-scanner-module-cache-path /Users/i074917/Library/Developer/Xcode/DerivedData/ModuleCache.noindex -sdk-module-cache-path /Users/i074917/Library/Developer/Xcode/DerivedData/ModuleCache.noindex -serialize-diagnostics -emit-dependencies -emit-module -emit-module-path /Users/i074917/Library/Developer/Xcode/DerivedData/ios_app-eblrdridxrnuqgbigorjjuuiasez/Build/Intermediates.noindex/ios_app.build/Debug-iphonesimulator/ios_app.build/Objects-normal/arm64/ios_app.swiftmodule -validate-clang-modules-once -clang-build-session-file /Users/i074917/Library/Developer/Xcode/DerivedData/ModuleCache.noindex/Session.modulevalidation -Xcc -I/Users/i074917/Library/Developer/Xcode/DerivedData/ios_app-eblrdridxrnuqgbigorjjuuiasez/Build/Intermediates.noindex/ios_app.build/Debug-iphonesimulator/ios_app.build/swift-overrides.hmap -emit-const-values -Xfrontend -const-gather-protocols-file -Xfrontend /Users/i074917/Library/Developer/Xcode/DerivedData/ios_app-eblrdridxrnuqgbigorjjuuiasez/Build/Intermediates.noindex/ios_app.build/Debug-iphonesimulator/ios_app.build/Objects-normal/arm64/ios_app_const_extract_protocols.json -Xcc -iquote -Xcc /Users/i074917/Library/Developer/Xcode/DerivedData/ios_app-eblrdridxrnuqgbigorjjuuiasez/Build/Intermediates.noindex/ios_app.build/Debug-iphonesimulator/ios_app.build/ios_app-generated-files.hmap -Xcc -I/Users/i074917/Library/Developer/Xcode/DerivedData/ios_app-eblrdridxrnuqgbigorjjuuiasez/Build/Intermediates.noindex/ios_app.build/Debug-iphonesimulator/ios_app.build/ios_app-own-target-headers.hmap -Xcc -I/Users/i074917/Library/Developer/Xcode/DerivedData/ios_app-eblrdridxrnuqgbigorjjuuiasez/Build/Intermediates.noindex/ios_app.build/Debug-iphonesimulator/ios_app.build/ios_app-all-target-headers.hmap -Xcc -iquote -Xcc /Users/i074917/Library/Developer/Xcode/DerivedData/ios_app-eblrdridxrnuqgbigorjjuuiasez/Build/Intermediates.noindex/ios_app.build/Debug-iphonesimulator/ios_app.build/ios_app-project-headers.hmap -Xcc -I/Users/i074917/Library/Developer/Xcode/DerivedData/ios_app-eblrdridxrnuqgbigorjjuuiasez/Build/Products/Debug-iphonesimulator/include -Xcc -I/Users/i074917/Library/Developer/Xcode/DerivedData/ios_app-eblrdridxrnuqgbigorjjuuiasez/Build/Intermediates.noindex/ios_app.build/Debug-iphonesimulator/ios_app.build/DerivedSources-normal/arm64 -Xcc -I/Users/i074917/Library/Developer/Xcode/DerivedData/ios_app-eblrdridxrnuqgbigorjjuuiasez/Build/Intermediates.noindex/ios_app.build/Debug-iphonesimulator/ios_app.build/DerivedSources/arm64 -Xcc -I/Users/i074917/Library/Developer/Xcode/DerivedData/ios_app-eblrdridxrnuqgbigorjjuuiasez/Build/Intermediates.noindex/ios_app.build/Debug-iphonesimulator/ios_app.build/DerivedSources -Xcc -DDEBUG\=1 -emit-objc-header -emit-objc-header-path /Users/i074917/Library/Developer/Xcode/DerivedData/ios_app-eblrdridxrnuqgbigorjjuuiasez/Build/Intermediates.noindex/ios_app.build/Debug-iphonesimulator/ios_app.build/Objects-normal/arm64/ios_app-Swift.h -working-directory /Users/i074917/Documents/destiny_ai_astrology/ios_app -experimental-emit-module-separately -disable-cmo
/Users/i074917/Documents/destiny_ai_astrology/ios_app/ios_app/Views/Subscription/SubscriptionView.swift:224:1: error: Extraneous '}' at top level
}
^ (in target 'ios_app' from project 'ios_app')

note: Disabling hardened runtime with ad-hoc codesigning. (in target 'ios_app' from project 'ios_app')
** BUILD FAILED **


The following build commands failed:
	SwiftDriver ios_app normal arm64 com.apple.xcode.tools.swift.compiler (in target 'ios_app' from project 'ios_app')
	Building project ios_app with scheme ios_app
(2 failures)
